2025-10-13 15:03:44,961 INFO: Civicsense AI application starting up... [in C:\Users\rohit\Downloads\Downloads\IBM Project_UNIQUE\app.py:56]
2025-10-13 15:03:46,860 INFO: Civicsense AI application starting up... [in C:\Users\rohit\Downloads\Downloads\IBM Project_UNIQUE\app.py:56]
2025-10-23 21:22:26,743 INFO: Civicsense AI application starting up... [in C:\Users\rohit\Downloads\Downloads\IBM Project_UNIQUE\app.py:56]
2025-10-23 21:22:28,735 INFO: Civicsense AI application starting up... [in C:\Users\rohit\Downloads\Downloads\IBM Project_UNIQUE\app.py:56]
2025-12-16 10:40:59,944 INFO: Civicsense AI application starting up... [in C:\Users\rohit\Downloads\Downloads\IBM Project_UNIQUE\APP.PY:56]
2025-12-16 10:41:02,060 INFO: Civicsense AI application starting up... [in C:\Users\rohit\Downloads\Downloads\IBM Project_UNIQUE\APP.PY:56]
2025-12-16 11:30:02,908 INFO: Civicsense AI application starting up... [in C:\Users\rohit\Downloads\Downloads\IBM Project_UNIQUE\APP.PY:56]
2025-12-16 11:30:25,569 INFO: Civicsense AI application starting up... [in C:\Users\rohit\Downloads\Downloads\IBM Project_UNIQUE\app.py:56]
2025-12-16 11:30:27,050 INFO: Civicsense AI application starting up... [in C:\Users\rohit\Downloads\Downloads\IBM Project_UNIQUE\app.py:56]
2025-12-16 11:30:52,310 INFO: Civicsense AI application starting up... [in C:\Users\rohit\Downloads\Downloads\IBM Project_UNIQUE\app.py:56]
2025-12-16 11:32:08,575 INFO: Civicsense AI application starting up... [in C:\Users\rohit\Downloads\Downloads\IBM Project_UNIQUE\app.py:56]
2025-12-16 11:33:28,667 INFO: Civicsense AI application starting up... [in C:\Users\rohit\Downloads\IBM Project_UNIQUE\app.py:56]
2025-12-16 11:33:30,516 INFO: Civicsense AI application starting up... [in C:\Users\rohit\Downloads\IBM Project_UNIQUE\app.py:56]
2025-12-16 11:35:59,094 INFO: Civicsense AI application starting up... [in C:\Users\rohit\Downloads\IBM Project_UNIQUE\app.py:56]
2025-12-16 11:47:29,864 INFO: Civicsense AI application starting up... [in C:\Users\rohit\Downloads\IBM Project_UNIQUE\app.py:56]
2025-12-16 11:51:43,316 INFO: Civicsense AI application starting up... [in C:\Users\rohit\Downloads\IBM Project_UNIQUE\app.py:56]
2025-12-16 11:51:45,260 INFO: Civicsense AI application starting up... [in C:\Users\rohit\Downloads\IBM Project_UNIQUE\app.py:56]
2025-12-16 11:53:50,025 INFO: Civicsense AI application starting up... [in C:\Users\rohit\Downloads\IBM Project_UNIQUE\app.py:56]
2025-12-16 11:53:51,812 INFO: Civicsense AI application starting up... [in C:\Users\rohit\Downloads\IBM Project_UNIQUE\app.py:56]
2025-12-16 12:08:13,384 INFO: Civicsense AI application starting up... [in C:\Users\rohit\Downloads\IBM Project_UNIQUE\app.py:56]
2025-12-19 14:08:55,959 INFO: Civicsense AI application starting up... [in C:\Users\rohit\Downloads\IBM Project_UNIQUE\app.py:56]
2025-12-19 14:08:58,208 INFO: Civicsense AI application starting up... [in C:\Users\rohit\Downloads\IBM Project_UNIQUE\app.py:56]
2025-12-19 14:11:05,796 INFO: Civicsense AI application starting up... [in C:\Users\rohit\Downloads\IBM Project_UNIQUE\app.py:56]
2025-12-19 14:11:07,638 INFO: Civicsense AI application starting up... [in C:\Users\rohit\Downloads\IBM Project_UNIQUE\app.py:56]
2025-12-19 16:08:22,088 INFO: Civicsense AI application starting up... [in C:\Users\rohit\Downloads\IBM Project_UNIQUE\app.py:56]
2025-12-19 16:08:24,242 INFO: Civicsense AI application starting up... [in C:\Users\rohit\Downloads\IBM Project_UNIQUE\app.py:56]
2025-12-24 17:54:30,216 INFO: Civicsense AI application starting up... [in C:\Users\rohit\Downloads\IBM Project_UNIQUE\app.py:56]
2025-12-24 17:54:32,520 INFO: Civicsense AI application starting up... [in C:\Users\rohit\Downloads\IBM Project_UNIQUE\app.py:56]
2025-12-25 10:09:20,316 INFO: Civicsense AI application starting up... [in C:\Users\rohit\Downloads\IBM Project_UNIQUE\app.py:56]
2025-12-25 10:09:21,592 INFO: Civicsense AI application starting up... [in C:\Users\rohit\Downloads\IBM Project_UNIQUE\app.py:56]
2026-01-25 14:40:07,102 INFO: Civicsense AI application starting up... [in C:\Users\rohit\Downloads\IBM Project_UNIQUE\app.py:56]
2026-01-25 14:40:09,190 INFO: Civicsense AI application starting up... [in C:\Users\rohit\Downloads\IBM Project_UNIQUE\app.py:56]
2026-01-25 15:37:27,944 INFO: Civicsense AI application starting up... [in C:\Users\Vijay Kumar Reddy\Downloads\IBM Project_UNIQUE\IBM Project_UNIQUE\app.py:56]
2026-01-25 15:37:31,391 INFO: Civicsense AI application starting up... [in C:\Users\Vijay Kumar Reddy\Downloads\IBM Project_UNIQUE\IBM Project_UNIQUE\app.py:56]
2026-01-25 15:38:57,023 INFO: Civicsense AI application starting up... [in C:\Users\Vijay Kumar Reddy\Downloads\IBM Project_UNIQUE\IBM Project_UNIQUE\app.py:56]
2026-01-25 15:38:59,131 INFO: Civicsense AI application starting up... [in C:\Users\Vijay Kumar Reddy\Downloads\IBM Project_UNIQUE\IBM Project_UNIQUE\app.py:56]
2026-01-25 15:41:42,570 INFO: Civicsense AI application starting up... [in C:\Users\Vijay Kumar Reddy\Downloads\IBM Project_UNIQUE\app.py:56]
2026-01-25 15:41:44,938 INFO: Civicsense AI application starting up... [in C:\Users\Vijay Kumar Reddy\Downloads\IBM Project_UNIQUE\app.py:56]
2026-01-25 17:05:35,383 INFO: Civicsense AI application starting up... [in C:\Users\Vijay Kumar Reddy\Downloads\IBM Project_UNIQUE\app.py:56]
2026-01-25 17:05:37,548 INFO: Civicsense AI application starting up... [in C:\Users\Vijay Kumar Reddy\Downloads\IBM Project_UNIQUE\app.py:56]
2026-01-25 21:07:20,349 INFO: Civicsense AI application starting up... [in C:\Users\Vijay Kumar Reddy\Downloads\IBM Project_UNIQUE\app.py:56]
2026-01-25 21:07:21,936 INFO: Civicsense AI application starting up... [in C:\Users\Vijay Kumar Reddy\Downloads\IBM Project_UNIQUE\app.py:56]
2026-01-25 22:23:01,160 INFO: Civicsense AI application starting up... [in C:\Users\Vijay Kumar Reddy\Downloads\HACKATHON\app.py:56]
2026-01-25 22:23:03,713 INFO: Civicsense AI application starting up... [in C:\Users\Vijay Kumar Reddy\Downloads\HACKATHON\app.py:56]
2026-01-25 23:43:50,462 INFO: Civicsense AI application starting up... [in C:\Users\Vijay Kumar Reddy\Downloads\HACKATHON\app.py:56]
2026-01-25 23:43:52,398 INFO: Civicsense AI application starting up... [in C:\Users\Vijay Kumar Reddy\Downloads\HACKATHON\app.py:56]
